[debug] [2026-05-16T12:49:15.216Z] ----------------------------------------------------------------------
[debug] [2026-05-16T12:49:15.222Z] Command:       /usr/bin/node /home/mrunphotography/.local/share/pnpm/global/5/.pnpm/firebase-tools@15.18.0_@types+node@25.3.0/node_modules/firebase-tools/lib/bin/firebase.js init apphosting
[debug] [2026-05-16T12:49:15.223Z] CLI Version:   15.18.0
[debug] [2026-05-16T12:49:15.224Z] Platform:      linux
[debug] [2026-05-16T12:49:15.224Z] Node Version:  v24.15.0
[debug] [2026-05-16T12:49:15.224Z] Time:          Sat May 16 2026 15:49:15 GMT+0300 (East Africa Time)
[debug] [2026-05-16T12:49:15.225Z] ----------------------------------------------------------------------
[debug] 
[info] 
     ######## #### ########  ######## ########     ###     ######  ########
     ##        ##  ##     ## ##       ##     ##  ##   ##  ##       ##
     ######    ##  ########  ######   ########  #########  ######  ######
     ##        ##  ##    ##  ##       ##     ## ##     ##       ## ##
     ##       #### ##     ## ######## ########  ##     ##  ######  ########

You're about to initialize a Firebase project in this directory:

  /home/mrunphotography/PROJECTS/gdg/the_voice_of_citizens

[info] 
=== Project Setup
[info] 
[info] First, let's associate this project directory with a Firebase project.
[info] You can create multiple project aliases by running firebase use --add, 
[info] 
[debug] [2026-05-16T12:49:17.456Z] > command requires scopes: ["email","openid","https://www.googleapis.com/auth/cloudplatformprojects.readonly","https://www.googleapis.com/auth/firebase","https://www.googleapis.com/auth/cloud-platform"]
[debug] [2026-05-16T12:49:17.458Z] > authorizing via signed-in user (patrickmurani@gmail.com)
[debug] [2026-05-16T12:49:17.463Z] Checked if tokens are valid: true, expires at: 1778938870472
[debug] [2026-05-16T12:49:17.464Z] Checked if tokens are valid: true, expires at: 1778938870472
[debug] [2026-05-16T12:49:17.470Z] >>> [apiv2][query] GET https://firebase.googleapis.com/v1beta1/projects/votewise-1bc26 [none]
[debug] [2026-05-16T12:49:19.170Z] <<< [apiv2][status] GET https://firebase.googleapis.com/v1beta1/projects/votewise-1bc26 200
[debug] [2026-05-16T12:49:19.171Z] <<< [apiv2][body] GET https://firebase.googleapis.com/v1beta1/projects/votewise-1bc26 {"projectId":"votewise-1bc26","projectNumber":"970063065405","displayName":"votewise","name":"projects/votewise-1bc26","resources":{"hostingSite":"votewise-1bc26"},"state":"ACTIVE","etag":"1_6e8e8636-1bb1-45eb-8bff-b1779e499789"}
[info] i  Using project votewise-1bc26 (votewise) . 
[info] 
=== App Hosting Setup
[debug] [2026-05-16T12:49:19.229Z] Checked if tokens are valid: true, expires at: 1778938870472
[debug] [2026-05-16T12:49:19.229Z] Checked if tokens are valid: true, expires at: 1778938870472
[debug] [2026-05-16T12:49:19.229Z] >>> [apiv2][query] GET https://cloudbilling.googleapis.com/v1/projects/votewise-1bc26/billingInfo [none]
[debug] [2026-05-16T12:49:22.551Z] <<< [apiv2][status] GET https://cloudbilling.googleapis.com/v1/projects/votewise-1bc26/billingInfo 200
[debug] [2026-05-16T12:49:22.552Z] <<< [apiv2][body] GET https://cloudbilling.googleapis.com/v1/projects/votewise-1bc26/billingInfo {"name":"projects/votewise-1bc26/billingInfo","projectId":"votewise-1bc26","billingAccountName":"billingAccounts/01EFE3-7D7CC8-D3A80E","billingEnabled":true}
[debug] [2026-05-16T12:49:22.554Z] Checked if tokens are valid: true, expires at: 1778938870472
[debug] [2026-05-16T12:49:22.554Z] Checked if tokens are valid: true, expires at: 1778938870472
[debug] [2026-05-16T12:49:22.555Z] >>> [apiv2][query] GET https://serviceusage.googleapis.com/v1/projects/votewise-1bc26/services/firebaseapphosting.googleapis.com [none]
[debug] [2026-05-16T12:49:22.555Z] >>> [apiv2][(partial)header] GET https://serviceusage.googleapis.com/v1/projects/votewise-1bc26/services/firebaseapphosting.googleapis.com  x-goog-user-project=votewise-1bc26
[debug] [2026-05-16T12:49:52.590Z] *** [apiv2] error from fetch(https://serviceusage.googleapis.com/v1/projects/votewise-1bc26/services/firebaseapphosting.googleapis.com, {"headers":{},"method":"GET"}): FetchError: request to https://serviceusage.googleapis.com/v1/projects/votewise-1bc26/services/firebaseapphosting.googleapis.com failed, reason: getaddrinfo EAI_AGAIN serviceusage.googleapis.com
[debug] [2026-05-16T12:49:57.600Z] Error: Timed out.
    at Timeout._onTimeout (/home/mrunphotography/.local/share/pnpm/global/5/.pnpm/firebase-tools@15.18.0_@types+node@25.3.0/node_modules/firebase-tools/lib/utils.js:309:49)
    at listOnTimeout (node:internal/timers:605:17)
    at process.processTimers (node:internal/timers:541:7)
[error] 
[error] Error: An unexpected error has occurred.
